<?xml version="1.0" encoding="UTF-8"?>
<!-- Generated by org.testng.reporters.JUnitXMLReporter -->
<testsuite hostname="LSPL309-PC" name="ie_test" tests="31" failures="31" timestamp="13 Apr 2020 07:33:43 GMT" time="6.014" errors="0">
  <testcase name="ExecuteTest" time="0.088" classname="com.testcases.driverscripts.Execute_MainScript">
    <failure type="java.lang.AssertionError" message="NOT able to find element within given time frame...!!! Element name: &amp;apos;null.">
      <![CDATA[java.lang.AssertionError: NOT able to find element within given time frame...!!! Element name: 'null.
	at com.operations.Common.FireClass.FailedTCOperation(FireClass.java:84)
	at com.testcases.driverscripts.Execute_MainScript.ExecuteTest(Execute_MainScript.java:349)
... Removed 25 stack frames]]>
    </failure>
  </testcase> <!-- ExecuteTest -->
  <testcase name="ExecuteTest" time="0.012" classname="com.testcases.driverscripts.Execute_MainScript">
    <failure type="java.lang.AssertionError" message="NOT able to find element within given time frame...!!! Element name: &amp;apos;null.">
      <![CDATA[java.lang.AssertionError: NOT able to find element within given time frame...!!! Element name: 'null.
	at com.operations.Common.FireClass.FailedTCOperation(FireClass.java:84)
	at com.testcases.driverscripts.Execute_MainScript.ExecuteTest(Execute_MainScript.java:349)
... Removed 25 stack frames]]>
    </failure>
  </testcase> <!-- ExecuteTest -->
  <testcase name="ExecuteTest" time="0.001" classname="com.testcases.driverscripts.Execute_MainScript">
    <failure type="java.lang.NullPointerException">
      <![CDATA[java.lang.NullPointerException
	at com.testcases.driverscripts.Execute_MainScript.ExecuteTest(Execute_MainScript.java:361)
... Removed 24 stack frames]]>
    </failure>
  </testcase> <!-- ExecuteTest -->
  <testcase name="ExecuteTest" time="0.001" classname="com.testcases.driverscripts.Execute_MainScript">
    <failure type="java.lang.NullPointerException">
      <![CDATA[java.lang.NullPointerException
	at com.testcases.driverscripts.Execute_MainScript.ExecuteTest(Execute_MainScript.java:361)
... Removed 24 stack frames]]>
    </failure>
  </testcase> <!-- ExecuteTest -->
  <testcase name="ExecuteTest" time="0.0" classname="com.testcases.driverscripts.Execute_MainScript">
    <failure type="java.lang.NullPointerException">
      <![CDATA[java.lang.NullPointerException
	at com.testcases.driverscripts.Execute_MainScript.ExecuteTest(Execute_MainScript.java:361)
... Removed 24 stack frames]]>
    </failure>
  </testcase> <!-- ExecuteTest -->
  <testcase name="ExecuteTest" time="0.0" classname="com.testcases.driverscripts.Execute_MainScript">
    <failure type="java.lang.NullPointerException">
      <![CDATA[java.lang.NullPointerException
	at com.testcases.driverscripts.Execute_MainScript.ExecuteTest(Execute_MainScript.java:361)
... Removed 24 stack frames]]>
    </failure>
  </testcase> <!-- ExecuteTest -->
  <testcase name="ExecuteTest" time="0.001" classname="com.testcases.driverscripts.Execute_MainScript">
    <failure type="java.lang.NullPointerException">
      <![CDATA[java.lang.NullPointerException
	at com.testcases.driverscripts.Execute_MainScript.ExecuteTest(Execute_MainScript.java:361)
... Removed 24 stack frames]]>
    </failure>
  </testcase> <!-- ExecuteTest -->
  <testcase name="ExecuteTest" time="0.0" classname="com.testcases.driverscripts.Execute_MainScript">
    <failure type="java.lang.NullPointerException">
      <![CDATA[java.lang.NullPointerException
	at com.testcases.driverscripts.Execute_MainScript.ExecuteTest(Execute_MainScript.java:361)
... Removed 24 stack frames]]>
    </failure>
  </testcase> <!-- ExecuteTest -->
  <testcase name="ExecuteTest" time="0.001" classname="com.testcases.driverscripts.Execute_MainScript">
    <failure type="java.lang.NullPointerException">
      <![CDATA[java.lang.NullPointerException
	at com.testcases.driverscripts.Execute_MainScript.ExecuteTest(Execute_MainScript.java:361)
... Removed 24 stack frames]]>
    </failure>
  </testcase> <!-- ExecuteTest -->
  <testcase name="ExecuteTest" time="0.011" classname="com.testcases.driverscripts.Execute_MainScript">
    <failure type="java.lang.AssertionError" message="NOT able to find element within given time frame...!!! Element name: &amp;apos;null.">
      <![CDATA[java.lang.AssertionError: NOT able to find element within given time frame...!!! Element name: 'null.
	at com.operations.Common.FireClass.FailedTCOperation(FireClass.java:84)
	at com.testcases.driverscripts.Execute_MainScript.ExecuteTest(Execute_MainScript.java:349)
... Removed 25 stack frames]]>
    </failure>
  </testcase> <!-- ExecuteTest -->
  <testcase name="ExecuteTest" time="0.001" classname="com.testcases.driverscripts.Execute_MainScript">
    <failure type="java.lang.NullPointerException">
      <![CDATA[java.lang.NullPointerException
	at com.testcases.driverscripts.Execute_MainScript.ExecuteTest(Execute_MainScript.java:361)
... Removed 24 stack frames]]>
    </failure>
  </testcase> <!-- ExecuteTest -->
  <testcase name="ExecuteTest" time="0.001" classname="com.testcases.driverscripts.Execute_MainScript">
    <failure type="java.lang.NullPointerException">
      <![CDATA[java.lang.NullPointerException
	at com.testcases.driverscripts.Execute_MainScript.ExecuteTest(Execute_MainScript.java:361)
... Removed 24 stack frames]]>
    </failure>
  </testcase> <!-- ExecuteTest -->
  <testcase name="ExecuteTest" time="0.0" classname="com.testcases.driverscripts.Execute_MainScript">
    <failure type="java.lang.NullPointerException">
      <![CDATA[java.lang.NullPointerException
	at com.testcases.driverscripts.Execute_MainScript.ExecuteTest(Execute_MainScript.java:361)
... Removed 24 stack frames]]>
    </failure>
  </testcase> <!-- ExecuteTest -->
  <testcase name="ExecuteTest" time="0.001" classname="com.testcases.driverscripts.Execute_MainScript">
    <failure type="java.lang.NullPointerException">
      <![CDATA[java.lang.NullPointerException
	at com.testcases.driverscripts.Execute_MainScript.ExecuteTest(Execute_MainScript.java:361)
... Removed 24 stack frames]]>
    </failure>
  </testcase> <!-- ExecuteTest -->
  <testcase name="ExecuteTest" time="0.0" classname="com.testcases.driverscripts.Execute_MainScript">
    <failure type="java.lang.NullPointerException">
      <![CDATA[java.lang.NullPointerException
	at com.testcases.driverscripts.Execute_MainScript.ExecuteTest(Execute_MainScript.java:361)
... Removed 24 stack frames]]>
    </failure>
  </testcase> <!-- ExecuteTest -->
  <testcase name="ExecuteTest" time="0.0" classname="com.testcases.driverscripts.Execute_MainScript">
    <failure type="java.lang.NullPointerException">
      <![CDATA[java.lang.NullPointerException
	at com.testcases.driverscripts.Execute_MainScript.ExecuteTest(Execute_MainScript.java:361)
... Removed 24 stack frames]]>
    </failure>
  </testcase> <!-- ExecuteTest -->
  <testcase name="ExecuteTest" time="0.001" classname="com.testcases.driverscripts.Execute_MainScript">
    <failure type="java.lang.NullPointerException">
      <![CDATA[java.lang.NullPointerException
	at com.testcases.driverscripts.Execute_MainScript.ExecuteTest(Execute_MainScript.java:361)
... Removed 23 stack frames]]>
    </failure>
  </testcase> <!-- ExecuteTest -->
  <testcase name="ExecuteTest" time="0.0" classname="com.testcases.driverscripts.Execute_MainScript">
    <failure type="java.lang.NullPointerException">
      <![CDATA[java.lang.NullPointerException
	at com.testcases.driverscripts.Execute_MainScript.ExecuteTest(Execute_MainScript.java:361)
... Removed 23 stack frames]]>
    </failure>
  </testcase> <!-- ExecuteTest -->
  <testcase name="ExecuteTest" time="0.001" classname="com.testcases.driverscripts.Execute_MainScript">
    <failure type="java.lang.NullPointerException">
      <![CDATA[java.lang.NullPointerException
	at com.testcases.driverscripts.Execute_MainScript.ExecuteTest(Execute_MainScript.java:361)
... Removed 23 stack frames]]>
    </failure>
  </testcase> <!-- ExecuteTest -->
  <testcase name="ExecuteTest" time="0.001" classname="com.testcases.driverscripts.Execute_MainScript">
    <failure type="java.lang.NullPointerException">
      <![CDATA[java.lang.NullPointerException
	at com.testcases.driverscripts.Execute_MainScript.ExecuteTest(Execute_MainScript.java:361)
... Removed 23 stack frames]]>
    </failure>
  </testcase> <!-- ExecuteTest -->
  <testcase name="ExecuteTest" time="0.0" classname="com.testcases.driverscripts.Execute_MainScript">
    <failure type="java.lang.NullPointerException">
      <![CDATA[java.lang.NullPointerException
	at com.testcases.driverscripts.Execute_MainScript.ExecuteTest(Execute_MainScript.java:361)
... Removed 23 stack frames]]>
    </failure>
  </testcase> <!-- ExecuteTest -->
  <testcase name="ExecuteTest" time="0.001" classname="com.testcases.driverscripts.Execute_MainScript">
    <failure type="java.lang.NullPointerException">
      <![CDATA[java.lang.NullPointerException
	at com.testcases.driverscripts.Execute_MainScript.ExecuteTest(Execute_MainScript.java:361)
... Removed 23 stack frames]]>
    </failure>
  </testcase> <!-- ExecuteTest -->
  <testcase name="ExecuteTest" time="0.0" classname="com.testcases.driverscripts.Execute_MainScript">
    <failure type="java.lang.NullPointerException">
      <![CDATA[java.lang.NullPointerException
	at com.testcases.driverscripts.Execute_MainScript.ExecuteTest(Execute_MainScript.java:361)
... Removed 23 stack frames]]>
    </failure>
  </testcase> <!-- ExecuteTest -->
  <testcase name="ExecuteTest" time="0.0" classname="com.testcases.driverscripts.Execute_MainScript">
    <failure type="java.lang.NullPointerException">
      <![CDATA[java.lang.NullPointerException
	at com.testcases.driverscripts.Execute_MainScript.ExecuteTest(Execute_MainScript.java:361)
... Removed 23 stack frames]]>
    </failure>
  </testcase> <!-- ExecuteTest -->
  <testcase name="ExecuteTest" time="0.001" classname="com.testcases.driverscripts.Execute_MainScript">
    <failure type="java.lang.NullPointerException">
      <![CDATA[java.lang.NullPointerException
	at com.testcases.driverscripts.Execute_MainScript.ExecuteTest(Execute_MainScript.java:361)
... Removed 23 stack frames]]>
    </failure>
  </testcase> <!-- ExecuteTest -->
  <testcase name="ExecuteTest" time="0.0" classname="com.testcases.driverscripts.Execute_MainScript">
    <failure type="java.lang.NullPointerException">
      <![CDATA[java.lang.NullPointerException
	at com.testcases.driverscripts.Execute_MainScript.ExecuteTest(Execute_MainScript.java:361)
... Removed 23 stack frames]]>
    </failure>
  </testcase> <!-- ExecuteTest -->
  <testcase name="ExecuteTest" time="0.001" classname="com.testcases.driverscripts.Execute_MainScript">
    <failure type="java.lang.NullPointerException">
      <![CDATA[java.lang.NullPointerException
	at com.testcases.driverscripts.Execute_MainScript.ExecuteTest(Execute_MainScript.java:361)
... Removed 23 stack frames]]>
    </failure>
  </testcase> <!-- ExecuteTest -->
  <testcase name="ExecuteTest" time="0.001" classname="com.testcases.driverscripts.Execute_MainScript">
    <failure type="java.lang.NullPointerException">
      <![CDATA[java.lang.NullPointerException
	at com.testcases.driverscripts.Execute_MainScript.ExecuteTest(Execute_MainScript.java:361)
... Removed 23 stack frames]]>
    </failure>
  </testcase> <!-- ExecuteTest -->
  <testcase name="ExecuteTest" time="0.001" classname="com.testcases.driverscripts.Execute_MainScript">
    <failure type="java.lang.NullPointerException">
      <![CDATA[java.lang.NullPointerException
	at com.testcases.driverscripts.Execute_MainScript.ExecuteTest(Execute_MainScript.java:361)
... Removed 23 stack frames]]>
    </failure>
  </testcase> <!-- ExecuteTest -->
  <testcase name="ExecuteTest" time="0.001" classname="com.testcases.driverscripts.Execute_MainScript">
    <failure type="java.lang.NullPointerException">
      <![CDATA[java.lang.NullPointerException
	at com.testcases.driverscripts.Execute_MainScript.ExecuteTest(Execute_MainScript.java:361)
... Removed 23 stack frames]]>
    </failure>
  </testcase> <!-- ExecuteTest -->
  <testcase name="ExecuteTest" time="0.0" classname="com.testcases.driverscripts.Execute_MainScript">
    <failure type="java.lang.NullPointerException">
      <![CDATA[java.lang.NullPointerException
	at com.testcases.driverscripts.Execute_MainScript.ExecuteTest(Execute_MainScript.java:361)
... Removed 23 stack frames]]>
    </failure>
  </testcase> <!-- ExecuteTest -->
</testsuite> <!-- ie_test -->
